//-------------------------- 6/30/2017 -- 08:18:42 -----
Processor Init:
   Intel (unknown, Pentium Pro/II/III family), ~3.40 Ghz
     (timed at roughly 3.39 Ghz)
   FPU detected
   MMX detected
   SSE detected
 
Math Init:
   Installing Standard C extensions
   Installing Assembly extensions
   Installing FPU extensions
   Installing MMX extensions
   Installing SSE extensions
 
Input Init:
   DirectInput enabled.

Initializing chunk mappings...
Could not load this GL function: glGenTextures
Could not load this GL function: glBindTexture
Could not load this GL function: glTexImage2D
Could not load this GL function: glTexParameteri
Could not load this GL function: glTexParameteri
Could not load this GL function: glTexParameteri
Could not load this GL function: glTexParameteri
Could not load this GL function: glGenTextures
Could not load this GL function: glBindTexture
Could not load this GL function: glTexImage2D
Could not load this GL function: glTexParameteri
Could not load this GL function: glTexParameteri
Could not load this GL function: glTexParameteri
Could not load this GL function: glTexParameteri
   o 'TEXT' maps to TextChunk
   o 'SCHK' maps to UnknownChunk
   o 'SCHK' maps to SimChunk
Loading compiled script M:/Pat's Greatest Hits/Simon/common/main.cs.
Loading compiled script M:/Pat's Greatest Hits/Simon/game/main.cs.
 % - Initializing Common
Loading compiled script M:/Pat's Greatest Hits/Simon/common/preferences/defaultPrefs.cs.
Reading Display Device information...
   Primary Display Device Found:
      Vendor Id: VEN_0000
      Device Id: DEV_0000

Using OpenGL rendering. Fullscreen: 0

Loading compiled script M:/Pat's Greatest Hits/Simon/common/gameScripts/xml.cs.
Loading compiled script M:/Pat's Greatest Hits/Simon/common/gameScripts/properties.cs.
Loading compiled script M:/Pat's Greatest Hits/Simon/common/gameScripts/common.cs.
Loading compiled script M:/Pat's Greatest Hits/Simon/common/gameScripts/audio.cs.
Loading compiled script M:/Pat's Greatest Hits/Simon/common/gameScripts/canvas.cs.
Loading compiled script M:/Pat's Greatest Hits/Simon/common/gameScripts/cursor.cs.
Video Init:
   Accelerated OpenGL display device detected.
   Accelerated D3D device detected.
   Voodoo 2 display device not detected.

Activating the OpenGL display device...
Activating the OpenGL display device...
Setting screen mode to 800x600x32 (w)...
Creating a new window...
Acquiring a new device context...
Pixel format set:
  32 color bits, 24 depth bits, 8 stencil bits
Creating a new rendering context...
Making the new rendering context current...
OpenGL driver information:
  Vendor: NVIDIA Corporation
  Renderer: GeForce 8400GS/PCIe/SSE2
  Version: 3.3.0
OpenGL Init: Enabled Extensions
  ARB_multitexture (Max Texture Units: 4)
  EXT_blend_color
  EXT_blend_minmax
  EXT_compiled_vertex_array
  NV_vertex_array_range
  EXT_texture_env_combine
  EXT_packed_pixels
  EXT_fog_coord
  ARB_texture_compression
  EXT_texture_compression_s3tc
  (ARB|EXT)_texture_env_add
  EXT_texture_filter_anisotropic (Max anisotropy: 16)
  WGL_EXT_swap_control
OpenGL Init: Disabled Extensions
  EXT_paletted_texture
  3DFX_texture_compression_FXT1

Max Texture Size reported as: 8192
Setting screen mode to 800x800x32 (w)...
OpenAL Driver Init:
   Vendor: Creative Labs Inc.
   Version: OpenAL 1.0
   Renderer: Software
   Extensions: EAX 2.0, EAX 3.0, EAX Unified, and EAX-AC3

Loading compiled script M:/Pat's Greatest Hits/Simon/common/gui/profiles.cs.
Loading compiled script M:/Pat's Greatest Hits/Simon/common/gui/cursors.cs.
Loading compiled script M:/Pat's Greatest Hits/Simon/common/gui/messageBoxOk.gui.
Loading compiled script M:/Pat's Greatest Hits/Simon/common/gui/messageBoxYesNo.gui.
Loading compiled script M:/Pat's Greatest Hits/Simon/common/gui/messageBoxYesNoCancel.gui.
Loading compiled script M:/Pat's Greatest Hits/Simon/common/gui/messageBoxOKCancel.gui.
Loading compiled script M:/Pat's Greatest Hits/Simon/common/gui/messageBoxOKCancelDetailsDlg.gui.
Loading compiled script M:/Pat's Greatest Hits/Simon/common/gui/messagePopup.gui.
Loading compiled script M:/Pat's Greatest Hits/Simon/common/gui/options.gui.
Loading compiled script M:/Pat's Greatest Hits/Simon/common/gui/remap.gui.
Loading compiled script M:/Pat's Greatest Hits/Simon/common/gui/console.gui.
Loading compiled script M:/Pat's Greatest Hits/Simon/common/gui/NetworkMenu.gui.
Loading compiled script M:/Pat's Greatest Hits/Simon/common/gui/startServer.gui.
Loading compiled script M:/Pat's Greatest Hits/Simon/common/gui/joinServer.gui.
Loading compiled script M:/Pat's Greatest Hits/Simon/common/gui/waitingForServer.gui.
Loading compiled script M:/Pat's Greatest Hits/Simon/common/gui/helpDlg.gui.
Loading compiled script M:/Pat's Greatest Hits/Simon/common/gui/messageBox.cs.
Loading compiled script M:/Pat's Greatest Hits/Simon/common/gui/help.cs.
Loading compiled script M:/Pat's Greatest Hits/Simon/common/gui/chatGui.gui.
Loading compiled script M:/Pat's Greatest Hits/Simon/common/gameScripts/screenshot.cs.
Loading compiled script M:/Pat's Greatest Hits/Simon/common/gameScripts/metrics.cs.
Loading compiled script M:/Pat's Greatest Hits/Simon/common/Gui/FrameOverlayGui.gui.
Loading compiled script M:/Pat's Greatest Hits/Simon/common/gameScripts/scriptDoc.cs.
Loading compiled script M:/Pat's Greatest Hits/Simon/common/gameScripts/keybindings.cs.
Loading compiled script M:/Pat's Greatest Hits/Simon/common/gameScripts/options.cs.
Loading compiled script M:/Pat's Greatest Hits/Simon/common/gameScripts/levelManagement.cs.
Loading compiled script M:/Pat's Greatest Hits/Simon/common/gameScripts/projectManagement.cs.
Loading compiled script M:/Pat's Greatest Hits/Simon/common/gameScripts/projectResources.cs.
Loading compiled script M:/Pat's Greatest Hits/Simon/common/gameScripts/align.cs.

Torque Game Builder (v1.7.4) initialized...
Loading compiled script M:/Pat's Greatest Hits/Simon/game/managed/datablocks.cs.
Loading compiled script M:/Pat's Greatest Hits/Simon/game/managed/persistent.cs.
Loading compiled script M:/Pat's Greatest Hits/Simon/game/managed/brushes.cs.
Loading compiled script M:/Pat's Greatest Hits/Simon/game/gameScripts/datablocks.cs.
Loading compiled script M:/Pat's Greatest Hits/Simon/game/gameScripts/guiProfiles.cs.
Loading compiled script M:/Pat's Greatest Hits/Simon/game/gui/TitleScreenGui.gui.
Loading compiled script M:/Pat's Greatest Hits/Simon/game/gui/mainScreen.gui.
Loading compiled script M:/Pat's Greatest Hits/Simon/game/gui/splashScreen.gui.
Loading compiled script M:/Pat's Greatest Hits/Simon/game/gui/EndGameGui.gui.
Loading compiled script M:/Pat's Greatest Hits/Simon/game/gui/CreditsGui.gui.
Loading compiled script M:/Pat's Greatest Hits/Simon/game/gameScripts/game.cs.
Loading compiled script M:/Pat's Greatest Hits/Simon/game/gameScripts/scriptArray.cs.
Loading compiled script M:/Pat's Greatest Hits/Simon/game/gameScripts/animation.cs.
Loading compiled script M:/Pat's Greatest Hits/Simon/game/gameScripts/sounds.cs.
Loading compiled script M:/Pat's Greatest Hits/Simon/game/gameScripts/input.cs.
Loading compiled script M:/Pat's Greatest Hits/Simon/game/gameScripts/timer.cs.
Loading compiled script M:/Pat's Greatest Hits/Simon/game/gameScripts/play.cs.
Activating DirectInput...
Loading compiled script M:/Pat's Greatest Hits/Simon/game/data/levels/untitled.t2d.
Shutting down the OpenGL display device...
Making the GL rendering context not current...
Deleting the GL rendering context...
Releasing the device context...
